<?xml version="1.0" encoding="UTF-8"?>
<!-- Generated by org.testng.reporters.JUnitReportReporter -->
<testsuite hostname="OHLE6330D8HV7X1" name="com.oakton.hwi.Testsuite.TestCreateGovPage" tests="1" failures="0" timestamp="28 Jun 2017 09:35:56 GMT" time="77.618" errors="0">
  <testcase name="createGovAgency" time="77.618" classname="com.oakton.hwi.Testsuite.TestCreateGovPage"/>
</testsuite> <!-- com.oakton.hwi.Testsuite.TestCreateGovPage -->
