<?xml version="1.0" encoding="UTF-8"?>
<!-- Generated by org.testng.reporters.JUnitReportReporter -->
<testsuite hostname="OHLE6330D8HV7X1" name="com.oakton.hwi.Testsuite.TestPopulateGovDetailsPage" tests="1" failures="0" timestamp="27 Jun 2017 11:06:54 GMT" time="56.652" errors="0">
  <testcase name="createGovAgencyAndPopulate" time="56.652" classname="com.oakton.hwi.Testsuite.TestPopulateGovDetailsPage"/>
</testsuite> <!-- com.oakton.hwi.Testsuite.TestPopulateGovDetailsPage -->
