<?xml version="1.0" encoding="UTF-8"?>
<!-- Generated by org.testng.reporters.JUnitReportReporter -->
<testsuite hostname="OHLE6330D8HV7X1" name="com.oakton.hwi.Testsuite.TestCreateBusinessPage" tests="1" failures="0" timestamp="29 Jun 2017 05:42:25 GMT" time="65.625" errors="0">
  <testcase name="businessUserCreation" time="65.625" classname="com.oakton.hwi.Testsuite.TestCreateBusinessPage"/>
</testsuite> <!-- com.oakton.hwi.Testsuite.TestCreateBusinessPage -->
